<?xml version="1.0" encoding="UTF-8"?>
<testng-results ignored="0" total="1" passed="1" failed="0" skipped="0">
  <reporter-output>
  </reporter-output>
  <suite started-at="2021-06-21T21:53:18 BST" name="Default suite" finished-at="2021-06-21T21:53:21 BST" duration-ms="3780">
    <groups>
    </groups>
    <test started-at="2021-06-21T21:53:18 BST" name="Default test" finished-at="2021-06-21T21:53:21 BST" duration-ms="3780">
      <class name="tests.GetAnDPostExamples">
        <test-method signature="testGet()[pri:0, instance:tests.GetAnDPostExamples@48974e45]" started-at="2021-06-21T21:53:18 BST" name="testGet" finished-at="2021-06-21T21:53:21 BST" duration-ms="3708" status="PASS">
          <reporter-output>
          </reporter-output>
        </test-method> <!-- testGet -->
      </class> <!-- tests.GetAnDPostExamples -->
    </test> <!-- Default test -->
  </suite> <!-- Default suite -->
</testng-results>
